-------------------------------------------------------------------------------
Test set: OrderListTest
-------------------------------------------------------------------------------
Tests run: 3, Failures: 1, Errors: 0, Skipped: 0, Time elapsed: 15.115 s <<< FAILURE! - in OrderListTest
getOrderListWithIncorrectIdCourier(OrderListTest)  Time elapsed: 5.066 s  <<< FAILURE!
java.lang.AssertionError: expected:<404> but was:<200>
	at OrderListTest.getOrderListWithIncorrectIdCourier(OrderListTest.java:54)

